<?xml version="1.0" encoding="UTF-8"?>
<testng-results ignored="0" total="2" passed="2" failed="0" skipped="0">
  <reporter-output>
  </reporter-output>
  <suite started-at="2024-07-10T21:27:57 IST" name="Default suite" finished-at="2024-07-10T21:27:58 IST" duration-ms="36">
    <groups>
    </groups>
    <test started-at="2024-07-10T21:27:57 IST" name="Default test" finished-at="2024-07-10T21:27:58 IST" duration-ms="36">
      <class name="Testsite1.Know1">
        <test-method signature="test1()[pri:0, instance:Testsite1.Know1@41e1e210]" started-at="2024-07-10T21:27:58 IST" name="test1" finished-at="2024-07-10T21:27:58 IST" duration-ms="6" status="PASS">
          <reporter-output>
          </reporter-output>
        </test-method> <!-- test1 -->
        <test-method signature="test2()[pri:0, instance:Testsite1.Know1@41e1e210]" started-at="2024-07-10T21:27:58 IST" name="test2" finished-at="2024-07-10T21:27:58 IST" duration-ms="1" status="PASS">
          <reporter-output>
          </reporter-output>
        </test-method> <!-- test2 -->
      </class> <!-- Testsite1.Know1 -->
    </test> <!-- Default test -->
  </suite> <!-- Default suite -->
</testng-results>
